<?xml version="1.0" encoding="UTF-8"?>
<testsuite xmlns:xsi="http://www.w3.org/2001/XMLSchema-instance" xsi:noNamespaceSchemaLocation="https://maven.apache.org/surefire/maven-surefire-plugin/xsd/surefire-test-report.xsd" name="com.revature.controller.CharacterControllerTest" time="4.072" tests="24" errors="0" skipped="0" failures="6">
  <properties>
[...]
</properties>
  <testcase name="createCharacterTest" classname="com.revature.controller.CharacterControllerTest" time="0.119">
    <failure message="Response status expected:&lt;201&gt; but was:&lt;400&gt;" type="java.lang.AssertionError"><![CDATA[java.lang.AssertionError: Response status expected:<201> but was:<400>
	at com.revature.controller.CharacterControllerTest.createCharacterTest(CharacterControllerTest.java:33)
]]></failure>
    <system-out><![CDATA[2022-09-30 09:46:42.411  INFO 13592 --- [           main] .b.t.c.SpringBootTestContextBootstrapper : Neither @ContextConfiguration nor @ContextHierarchy found for test class [com.revature.controller.CharacterControllerTest], using SpringBootContextLoader
2022-09-30 09:46:42.412  INFO 13592 --- [           main] o.s.t.c.support.AbstractContextLoader    : Could not detect default resource locations for test class [com.revature.controller.CharacterControllerTest]: no resource found for suffixes {-context.xml, Context.groovy}.
2022-09-30 09:46:42.412  INFO 13592 --- [           main] t.c.s.AnnotationConfigContextLoaderUtils : Could not detect default configuration classes for test class [com.revature.controller.CharacterControllerTest]: CharacterControllerTest does not declare any static, non-private, non-final, nested classes annotated with @Configuration.
2022-09-30 09:46:42.417  INFO 13592 --- [           main] .b.t.c.SpringBootTestContextBootstrapper : Found @SpringBootConfiguration com.revature.Project2Application for test class com.revature.controller.CharacterControllerTest
2022-09-30 09:46:42.419  INFO 13592 --- [           main] .b.t.c.SpringBootTestContextBootstrapper : Loaded default TestExecutionListener class names from location [META-INF/spring.factories]: [org.springframework.boot.test.mock.mockito.MockitoTestExecutionListener, org.springframework.boot.test.mock.mockito.ResetMocksTestExecutionListener, org.springframework.boot.test.autoconfigure.restdocs.RestDocsTestExecutionListener, org.springframework.boot.test.autoconfigure.web.client.MockRestServiceServerResetTestExecutionListener, org.springframework.boot.test.autoconfigure.web.servlet.MockMvcPrintOnlyOnFailureTestExecutionListener, org.springframework.boot.test.autoconfigure.web.servlet.WebDriverTestExecutionListener, org.springframework.boot.test.autoconfigure.webservices.client.MockWebServiceServerTestExecutionListener, org.springframework.test.context.web.ServletTestExecutionListener, org.springframework.test.context.support.DirtiesContextBeforeModesTestExecutionListener, org.springframework.test.context.event.ApplicationEventsTestExecutionListener, org.springframework.test.context.support.DependencyInjectionTestExecutionListener, org.springframework.test.context.support.DirtiesContextTestExecutionListener, org.springframework.test.context.transaction.TransactionalTestExecutionListener, org.springframework.test.context.jdbc.SqlScriptsTestExecutionListener, org.springframework.test.context.event.EventPublishingTestExecutionListener]
2022-09-30 09:46:42.419  INFO 13592 --- [           main] .b.t.c.SpringBootTestContextBootstrapper : Using TestExecutionListeners: [org.springframework.test.context.web.ServletTestExecutionListener@58b03882, org.springframework.test.context.support.DirtiesContextBeforeModesTestExecutionListener@24710e61, org.springframework.test.context.event.ApplicationEventsTestExecutionListener@1a983294, org.springframework.boot.test.mock.mockito.MockitoTestExecutionListener@209ab1d7, org.springframework.boot.test.autoconfigure.SpringBootDependencyInjectionTestExecutionListener@7937f96e, org.springframework.test.context.support.DirtiesContextTestExecutionListener@5599f22f, org.springframework.test.context.transaction.TransactionalTestExecutionListener@ece769a, org.springframework.test.context.jdbc.SqlScriptsTestExecutionListener@7baf7a9d, org.springframework.test.context.event.EventPublishingTestExecutionListener@3d95100f, org.springframework.boot.test.mock.mockito.ResetMocksTestExecutionListener@27879518, org.springframework.boot.test.autoconfigure.restdocs.RestDocsTestExecutionListener@5a004dd4, org.springframework.boot.test.autoconfigure.web.client.MockRestServiceServerResetTestExecutionListener@5afbbf9b, org.springframework.boot.test.autoconfigure.web.servlet.MockMvcPrintOnlyOnFailureTestExecutionListener@4f7bc9a3, org.springframework.boot.test.autoconfigure.web.servlet.WebDriverTestExecutionListener@544faa01, org.springframework.boot.test.autoconfigure.webservices.client.MockWebServiceServerTestExecutionListener@cf933b1]
2022-09-30 09:46:42.424  INFO 13592 --- [           main] fileLogger                               : execution(ResponseEntity com.revature.controller.CharacterController.create(String,long)) is being called
2022-09-30 09:46:42.527  INFO 13592 --- [           main] fileLogger                               : execution(Object com.revature.controller.CharacterController.onGameUserAlreadyExistsException()) is being called

MockHttpServletRequest:
      HTTP Method = POST
      Request URI = /character/create
       Parameters = {name=[Fylo], user_id=[2]}
          Headers = []
             Body = null
    Session Attrs = {}

Handler:
             Type = com.revature.controller.CharacterController
           Method = com.revature.controller.CharacterController#create(String, long)

Async:
    Async started = false
     Async result = null

Resolved Exception:
             Type = com.revature.exceptions.GameUserAlreadyExistsException

ModelAndView:
        View name = null
             View = null
            Model = null

FlashMap:
       Attributes = null

MockHttpServletResponse:
           Status = 400
    Error message = null
          Headers = [Vary:"Origin", "Access-Control-Request-Method", "Access-Control-Request-Headers", Content-Type:"application/json"]
     Content type = application/json
             Body = {"error_message":"The character name is already in use.","date":"2022-09-30","error_code":400,"time":"09:46:42.5289597","error_cause":"You need to use a different name for your character."}
    Forwarded URL = null
   Redirected URL = null
          Cookies = []
]]></system-out>
  </testcase>
  <testcase name="createCharacterDuplicateErrorTest" classname="com.revature.controller.CharacterControllerTest" time="0.083"/>
  <testcase name="updateCharacterTest" classname="com.revature.controller.CharacterControllerTest" time="0.164">
    <failure message="Response status expected:&lt;200&gt; but was:&lt;404&gt;" type="java.lang.AssertionError"><![CDATA[java.lang.AssertionError: Response status expected:<200> but was:<404>
	at com.revature.controller.CharacterControllerTest.updateCharacterTest(CharacterControllerTest.java:53)
]]></failure>
    <system-out><![CDATA[2022-09-30 09:46:42.644  INFO 13592 --- [           main] fileLogger                               : execution(ResponseEntity com.revature.controller.CharacterController.updateUser(long,long,long,long,String,int,int)) is being called
2022-09-30 09:46:42.786  INFO 13592 --- [           main] fileLogger                               : execution(Object com.revature.controller.CharacterController.onCharacterNotFoundException()) is being called

MockHttpServletRequest:
      HTTP Method = PUT
      Request URI = /character/0/update
       Parameters = {user_id=[2], weapon_id=[5], armor_id=[5], name=[Dustin], gold=[55], health=[77]}
          Headers = []
             Body = null
    Session Attrs = {}

Handler:
             Type = com.revature.controller.CharacterController
           Method = com.revature.controller.CharacterController#updateUser(long, long, long, long, String, int, int)

Async:
    Async started = false
     Async result = null

Resolved Exception:
             Type = com.revature.exceptions.CharacterNotFoundException

ModelAndView:
        View name = null
             View = null
            Model = null

FlashMap:
       Attributes = null

MockHttpServletResponse:
           Status = 404
    Error message = null
          Headers = [Vary:"Origin", "Access-Control-Request-Method", "Access-Control-Request-Headers", Content-Type:"application/json"]
     Content type = application/json
             Body = {"error_message":"The character does not exist.","date":"2022-09-30","error_code":404,"time":"09:46:42.7879702","error_cause":"You entered an invalid character."}
    Forwarded URL = null
   Redirected URL = null
          Cookies = []
]]></system-out>
  </testcase>
  <testcase name="updateCharacterDuplicateNameTest" classname="com.revature.controller.CharacterControllerTest" time="0.02"/>
  <testcase name="deleteCharacterTest" classname="com.revature.controller.CharacterControllerTest" time="0.142">
    <failure message="Response status expected:&lt;204&gt; but was:&lt;404&gt;" type="java.lang.AssertionError"><![CDATA[java.lang.AssertionError: Response status expected:<204> but was:<404>
	at com.revature.controller.CharacterControllerTest.deleteCharacterTest(CharacterControllerTest.java:75)
]]></failure>
    <system-out><![CDATA[2022-09-30 09:46:42.836  INFO 13592 --- [           main] fileLogger                               : execution(ResponseEntity com.revature.controller.CharacterController.deleteChar(long)) is being called
2022-09-30 09:46:42.967  INFO 13592 --- [           main] fileLogger                               : execution(Object com.revature.controller.CharacterController.onCharacterNotFoundException()) is being called

MockHttpServletRequest:
      HTTP Method = DELETE
      Request URI = /character/0/delete
       Parameters = {}
          Headers = []
             Body = null
    Session Attrs = {}

Handler:
             Type = com.revature.controller.CharacterController
           Method = com.revature.controller.CharacterController#deleteChar(long)

Async:
    Async started = false
     Async result = null

Resolved Exception:
             Type = com.revature.exceptions.CharacterNotFoundException

ModelAndView:
        View name = null
             View = null
            Model = null

FlashMap:
       Attributes = null

MockHttpServletResponse:
           Status = 404
    Error message = null
          Headers = [Vary:"Origin", "Access-Control-Request-Method", "Access-Control-Request-Headers", Content-Type:"application/json"]
     Content type = application/json
             Body = {"error_message":"The character does not exist.","date":"2022-09-30","error_code":404,"time":"09:46:42.9679649","error_cause":"You entered an invalid character."}
    Forwarded URL = null
   Redirected URL = null
          Cookies = []
]]></system-out>
  </testcase>
  <testcase name="deleteCharacterNotFoundTest" classname="com.revature.controller.CharacterControllerTest" time="0.136"/>
  <testcase name="getArmorsNullTest" classname="com.revature.controller.CharacterControllerTest" time="0.201"/>
  <testcase name="getMessagesEmptyTest" classname="com.revature.controller.CharacterControllerTest" time="0.207"/>
  <testcase name="updateCharacterNotFoundTest" classname="com.revature.controller.CharacterControllerTest" time="0.009">
    <failure message="Response status expected:&lt;404&gt; but was:&lt;400&gt;" type="java.lang.AssertionError"><![CDATA[java.lang.AssertionError: Response status expected:<404> but was:<400>
	at com.revature.controller.CharacterControllerTest.updateCharacterNotFoundTest(CharacterControllerTest.java:68)
]]></failure>
    <system-out><![CDATA[2022-09-30 09:46:43.522  WARN 13592 --- [           main] .w.s.m.s.DefaultHandlerExceptionResolver : Resolved [org.springframework.web.bind.MissingServletRequestParameterException: Required request parameter 'weapon_id' for method parameter type long is not present]

MockHttpServletRequest:
      HTTP Method = PUT
      Request URI = /character/99999999/update
       Parameters = {user_id=[2], name=[philips]}
          Headers = []
             Body = null
    Session Attrs = {}

Handler:
             Type = com.revature.controller.CharacterController
           Method = com.revature.controller.CharacterController#updateUser(long, long, long, long, String, int, int)

Async:
    Async started = false
     Async result = null

Resolved Exception:
             Type = org.springframework.web.bind.MissingServletRequestParameterException

ModelAndView:
        View name = null
             View = null
            Model = null

FlashMap:
       Attributes = null

MockHttpServletResponse:
           Status = 400
    Error message = Required request parameter 'weapon_id' for method parameter type long is not present
          Headers = [Vary:"Origin", "Access-Control-Request-Method", "Access-Control-Request-Headers"]
     Content type = null
             Body = 
    Forwarded URL = null
   Redirected URL = null
          Cookies = []
]]></system-out>
  </testcase>
  <testcase name="getWeaponsTest" classname="com.revature.controller.CharacterControllerTest" time="0.46"/>
  <testcase name="getSingleMessageMsgNotFoundTest" classname="com.revature.controller.CharacterControllerTest" time="0.132"/>
  <testcase name="getMessagesNotFoundTest" classname="com.revature.controller.CharacterControllerTest" time="0.161"/>
  <testcase name="getWeaponsNotFoundTest" classname="com.revature.controller.CharacterControllerTest" time="0.132"/>
  <testcase name="getMessagesTest" classname="com.revature.controller.CharacterControllerTest" time="0.207">
    <failure message="Response content&#10;Expected: &quot;[{\&quot;message_id\&quot;:1,\&quot;fromUserId\&quot;:2,\&quot;toUserId\&quot;:1,\&quot;topic\&quot;:\&quot;Test Topic\&quot;,\&quot;message\&quot;:\&quot;Test Message\&quot;,\&quot;timestamp\&quot;:\&quot;2022-09-26T13:16:00.200019\&quot;},{\&quot;message_id\&quot;:2,\&quot;fromUserId\&quot;:2,\&quot;toUserId\&quot;:1,\&quot;topic\&quot;:\&quot;Topic Two\&quot;,\&quot;message\&quot;:\&quot;Message Two\&quot;,\&quot;timestamp\&quot;:\&quot;2022-09-26T13:16:00.200019\&quot;},{\&quot;message_id\&quot;:3,\&quot;fromUserId\&quot;:2,\&quot;toUserId\&quot;:1,\&quot;topic\&quot;:\&quot;REst Topic\&quot;,\&quot;message\&quot;:\&quot;Rest Message\&quot;,\&quot;timestamp\&quot;:\&quot;2022-09-26T13:16:00.200019\&quot;},{\&quot;message_id\&quot;:6,\&quot;fromUserId\&quot;:2,\&quot;toUserId\&quot;:1,\&quot;topic\&quot;:\&quot;REst Topic\&quot;,\&quot;message\&quot;:\&quot;Rest Message\&quot;,\&quot;timestamp\&quot;:\&quot;2022-09-26T12:18:46.760303\&quot;}]&quot;&#10;     but: was &quot;[{\&quot;message_id\&quot;:1,\&quot;fromUserId\&quot;:2,\&quot;toUserId\&quot;:1,\&quot;topic\&quot;:\&quot;Test Topic\&quot;,\&quot;message\&quot;:\&quot;Test Message\&quot;,\&quot;timestamp\&quot;:\&quot;2022-09-26T13:16:00.200019\&quot;},{\&quot;message_id\&quot;:2,\&quot;fromUserId\&quot;:2,\&quot;toUserId\&quot;:1,\&quot;topic\&quot;:\&quot;Topic Two\&quot;,\&quot;message\&quot;:\&quot;Message Two\&quot;,\&quot;timestamp\&quot;:\&quot;2022-09-26T13:16:00.200019\&quot;},{\&quot;message_id\&quot;:3,\&quot;fromUserId\&quot;:2,\&quot;toUserId\&quot;:1,\&quot;topic\&quot;:\&quot;REst Topic\&quot;,\&quot;message\&quot;:\&quot;Rest Message\&quot;,\&quot;timestamp\&quot;:\&quot;2022-09-26T13:16:00.200019\&quot;},{\&quot;message_id\&quot;:6,\&quot;fromUserId\&quot;:2,\&quot;toUserId\&quot;:1,\&quot;topic\&quot;:\&quot;REst Topic\&quot;,\&quot;message\&quot;:\&quot;Rest Message\&quot;,\&quot;timestamp\&quot;:\&quot;2022-09-26T12:18:46.760303\&quot;},{\&quot;message_id\&quot;:7,\&quot;fromUserId\&quot;:2,\&quot;toUserId\&quot;:1,\&quot;topic\&quot;:\&quot;Topic Two\&quot;,\&quot;message\&quot;:\&quot;Message Two\&quot;,\&quot;timestamp\&quot;:\&quot;2022-09-30T06:27:04.16158\&quot;}]&quot;" type="java.lang.AssertionError">java.lang.AssertionError: 
Response content
Expected: "[{\"message_id\":1,\"fromUserId\":2,\"toUserId\":1,\"topic\":\"Test Topic\",\"message\":\"Test Message\",\"timestamp\":\"2022-09-26T13:16:00.200019\"},{\"message_id\":2,\"fromUserId\":2,\"toUserId\":1,\"topic\":\"Topic Two\",\"message\":\"Message Two\",\"timestamp\":\"2022-09-26T13:16:00.200019\"},{\"message_id\":3,\"fromUserId\":2,\"toUserId\":1,\"topic\":\"REst Topic\",\"message\":\"Rest Message\",\"timestamp\":\"2022-09-26T13:16:00.200019\"},{\"message_id\":6,\"fromUserId\":2,\"toUserId\":1,\"topic\":\"REst Topic\",\"message\":\"Rest Message\",\"timestamp\":\"2022-09-26T12:18:46.760303\"}]"
     but: was "[{\"message_id\":1,\"fromUserId\":2,\"toUserId\":1,\"topic\":\"Test Topic\",\"message\":\"Test Message\",\"timestamp\":\"2022-09-26T13:16:00.200019\"},{\"message_id\":2,\"fromUserId\":2,\"toUserId\":1,\"topic\":\"Topic Two\",\"message\":\"Message Two\",\"timestamp\":\"2022-09-26T13:16:00.200019\"},{\"message_id\":3,\"fromUserId\":2,\"toUserId\":1,\"topic\":\"REst Topic\",\"message\":\"Rest Message\",\"timestamp\":\"2022-09-26T13:16:00.200019\"},{\"message_id\":6,\"fromUserId\":2,\"toUserId\":1,\"topic\":\"REst Topic\",\"message\":\"Rest Message\",\"timestamp\":\"2022-09-26T12:18:46.760303\"},{\"message_id\":7,\"fromUserId\":2,\"toUserId\":1,\"topic\":\"Topic Two\",\"message\":\"Message Two\",\"timestamp\":\"2022-09-30T06:27:04.16158\"}]"
	at com.revature.controller.CharacterControllerTest.getMessagesTest(CharacterControllerTest.java:140)
</failure>
    <system-out><![CDATA[2022-09-30 09:46:44.418  INFO 13592 --- [           main] fileLogger                               : execution(ResponseEntity com.revature.controller.CharacterController.getMessages(long)) is being called

MockHttpServletRequest:
      HTTP Method = GET
      Request URI = /character/1/messages
       Parameters = {}
          Headers = []
             Body = null
    Session Attrs = {}

Handler:
             Type = com.revature.controller.CharacterController
           Method = com.revature.controller.CharacterController#getMessages(long)

Async:
    Async started = false
     Async result = null

Resolved Exception:
             Type = null

ModelAndView:
        View name = null
             View = null
            Model = null

FlashMap:
       Attributes = null

MockHttpServletResponse:
           Status = 200
    Error message = null
          Headers = [Vary:"Origin", "Access-Control-Request-Method", "Access-Control-Request-Headers", Content-Type:"application/json"]
     Content type = application/json
             Body = [{"message_id":1,"fromUserId":2,"toUserId":1,"topic":"Test Topic","message":"Test Message","timestamp":"2022-09-26T13:16:00.200019"},{"message_id":2,"fromUserId":2,"toUserId":1,"topic":"Topic Two","message":"Message Two","timestamp":"2022-09-26T13:16:00.200019"},{"message_id":3,"fromUserId":2,"toUserId":1,"topic":"REst Topic","message":"Rest Message","timestamp":"2022-09-26T13:16:00.200019"},{"message_id":6,"fromUserId":2,"toUserId":1,"topic":"REst Topic","message":"Rest Message","timestamp":"2022-09-26T12:18:46.760303"},{"message_id":7,"fromUserId":2,"toUserId":1,"topic":"Topic Two","message":"Message Two","timestamp":"2022-09-30T06:27:04.16158"}]
    Forwarded URL = null
   Redirected URL = null
          Cookies = []
]]></system-out>
  </testcase>
  <testcase name="searchMessageCharNorFoundTest" classname="com.revature.controller.CharacterControllerTest" time="0.135"/>
  <testcase name="getSingleMessageNoPermissionTest" classname="com.revature.controller.CharacterControllerTest" time="0.138"/>
  <testcase name="getWeaponsNullTest" classname="com.revature.controller.CharacterControllerTest" time="0.196"/>
  <testcase name="getArmorsNotFoundTest" classname="com.revature.controller.CharacterControllerTest" time="0.13"/>
  <testcase name="getCharacterTest" classname="com.revature.controller.CharacterControllerTest" time="0.134">
    <failure message="Response content&#10;Expected: &quot;{\&quot;gold\&quot;:10,\&quot;armor_id\&quot;:2,\&quot;user_id\&quot;:1,\&quot;armor_url\&quot;:\&quot;/armor/2\&quot;,\&quot;name\&quot;:\&quot;markj\&quot;,\&quot;weapon_url\&quot;:\&quot;/weapon/3\&quot;,\&quot;character_id\&quot;:1,\&quot;weapon_id\&quot;:3}&quot;&#10;     but: was &quot;{\&quot;gold\&quot;:253,\&quot;armor_id\&quot;:2,\&quot;user_id\&quot;:1,\&quot;armor_url\&quot;:\&quot;/armor/2\&quot;,\&quot;name\&quot;:\&quot;markj\&quot;,\&quot;weapon_url\&quot;:\&quot;/weapon/3\&quot;,\&quot;health\&quot;:36,\&quot;character_id\&quot;:1,\&quot;weapon_id\&quot;:3}&quot;" type="java.lang.AssertionError">java.lang.AssertionError: 
Response content
Expected: "{\"gold\":10,\"armor_id\":2,\"user_id\":1,\"armor_url\":\"/armor/2\",\"name\":\"markj\",\"weapon_url\":\"/weapon/3\",\"character_id\":1,\"weapon_id\":3}"
     but: was "{\"gold\":253,\"armor_id\":2,\"user_id\":1,\"armor_url\":\"/armor/2\",\"name\":\"markj\",\"weapon_url\":\"/weapon/3\",\"health\":36,\"character_id\":1,\"weapon_id\":3}"
	at com.revature.controller.CharacterControllerTest.getCharacterTest(CharacterControllerTest.java:89)
</failure>
    <system-out><![CDATA[2022-09-30 09:46:45.228  INFO 13592 --- [           main] fileLogger                               : execution(ResponseEntity com.revature.controller.CharacterController.getCharacter(long)) is being called

MockHttpServletRequest:
      HTTP Method = GET
      Request URI = /character/1
       Parameters = {}
          Headers = [Accept:"application/json"]
             Body = null
    Session Attrs = {}

Handler:
             Type = com.revature.controller.CharacterController
           Method = com.revature.controller.CharacterController#getCharacter(long)

Async:
    Async started = false
     Async result = null

Resolved Exception:
             Type = null

ModelAndView:
        View name = null
             View = null
            Model = null

FlashMap:
       Attributes = null

MockHttpServletResponse:
           Status = 200
    Error message = null
          Headers = [Vary:"Origin", "Access-Control-Request-Method", "Access-Control-Request-Headers", Content-Type:"application/json"]
     Content type = application/json
             Body = {"gold":253,"armor_id":2,"user_id":1,"armor_url":"/armor/2","name":"markj","weapon_url":"/weapon/3","health":36,"character_id":1,"weapon_id":3}
    Forwarded URL = null
   Redirected URL = null
          Cookies = []
]]></system-out>
  </testcase>
  <testcase name="searchMessageMsgNotFoundTest" classname="com.revature.controller.CharacterControllerTest" time="0.221"/>
  <testcase name="searchMessageTest" classname="com.revature.controller.CharacterControllerTest" time="0.199"/>
  <testcase name="getSingleMessageTest" classname="com.revature.controller.CharacterControllerTest" time="0.13"/>
  <testcase name="getCharacterNotFoundTest" classname="com.revature.controller.CharacterControllerTest" time="0.143"/>
  <testcase name="getArmorsTest" classname="com.revature.controller.CharacterControllerTest" time="0.449"/>
</testsuite>