<?xml version="1.0" encoding="UTF-8"?>
<testsuite xmlns:xsi="http://www.w3.org/2001/XMLSchema-instance" xsi:noNamespaceSchemaLocation="https://maven.apache.org/surefire/maven-surefire-plugin/xsd/surefire-test-report.xsd" name="com.revature.controller.FriendsControllerTest" time="3.709" tests="16" errors="0" skipped="0" failures="3">
  <properties>
[...]
</properties>
  <testcase name="addFriendTest" classname="com.revature.controller.FriendsControllerTest" time="0.409"/>
  <testcase name="deleteFriendTest" classname="com.revature.controller.FriendsControllerTest" time="0.326"/>
  <testcase name="deleteFriendNotFoundTest" classname="com.revature.controller.FriendsControllerTest" time="0.131"/>
  <testcase name="addFriendRequestTest" classname="com.revature.controller.FriendsControllerTest" time="0.401"/>
  <testcase name="deleteFriendRequestTest" classname="com.revature.controller.FriendsControllerTest" time="0.326"/>
  <testcase name="deleteFriendRequestNotFoundTest" classname="com.revature.controller.FriendsControllerTest" time="0.254"/>
  <testcase name="addFriendNotFoundTest" classname="com.revature.controller.FriendsControllerTest" time="0.13"/>
  <testcase name="addFriendDuplicateTest" classname="com.revature.controller.FriendsControllerTest" time="0.258"/>
  <testcase name="getFriendsNotFoundTest" classname="com.revature.controller.FriendsControllerTest" time="0.132"/>
  <testcase name="findNoRequestsTest" classname="com.revature.controller.FriendsControllerTest" time="0.198"/>
  <testcase name="getFriendsTest" classname="com.revature.controller.FriendsControllerTest" time="0.201">
    <failure message="Response content&#10;Expected: &quot;[{\&quot;friend_id\&quot;:1,\&quot;user1\&quot;:1,\&quot;user2\&quot;:2},{\&quot;friend_id\&quot;:2,\&quot;user1\&quot;:1,\&quot;user2\&quot;:3}]&quot;&#10;     but: was &quot;[{\&quot;friend_id\&quot;:1,\&quot;user1\&quot;:1,\&quot;user2\&quot;:2},{\&quot;friend_id\&quot;:35,\&quot;user1\&quot;:1,\&quot;user2\&quot;:3}]&quot;" type="java.lang.AssertionError">java.lang.AssertionError: 
Response content
Expected: "[{\"friend_id\":1,\"user1\":1,\"user2\":2},{\"friend_id\":2,\"user1\":1,\"user2\":3}]"
     but: was "[{\"friend_id\":1,\"user1\":1,\"user2\":2},{\"friend_id\":35,\"user1\":1,\"user2\":3}]"
	at com.revature.controller.FriendsControllerTest.getFriendsTest(FriendsControllerTest.java:32)
</failure>
    <system-out><![CDATA[2022-09-30 09:46:49.102  INFO 13592 --- [           main] fileLogger                               : execution(ResponseEntity com.revature.controller.FriendsController.getFriends(long)) is being called

MockHttpServletRequest:
      HTTP Method = GET
      Request URI = /friends/1
       Parameters = {}
          Headers = []
             Body = null
    Session Attrs = {}

Handler:
             Type = com.revature.controller.FriendsController
           Method = com.revature.controller.FriendsController#getFriends(long)

Async:
    Async started = false
     Async result = null

Resolved Exception:
             Type = null

ModelAndView:
        View name = null
             View = null
            Model = null

FlashMap:
       Attributes = null

MockHttpServletResponse:
           Status = 200
    Error message = null
          Headers = [Vary:"Origin", "Access-Control-Request-Method", "Access-Control-Request-Headers", Content-Type:"application/json"]
     Content type = application/json
             Body = [{"friend_id":1,"user1":1,"user2":2},{"friend_id":35,"user1":1,"user2":3}]
    Forwarded URL = null
   Redirected URL = null
          Cookies = []
]]></system-out>
  </testcase>
  <testcase name="getNoFriendsTest" classname="com.revature.controller.FriendsControllerTest" time="0.193">
    <failure message="Response status expected:&lt;204&gt; but was:&lt;200&gt;" type="java.lang.AssertionError"><![CDATA[java.lang.AssertionError: Response status expected:<204> but was:<200>
	at com.revature.controller.FriendsControllerTest.getNoFriendsTest(FriendsControllerTest.java:38)
]]></failure>
    <system-out><![CDATA[2022-09-30 09:46:49.302  INFO 13592 --- [           main] fileLogger                               : execution(ResponseEntity com.revature.controller.FriendsController.getFriends(long)) is being called

MockHttpServletRequest:
      HTTP Method = GET
      Request URI = /friends/4
       Parameters = {}
          Headers = []
             Body = null
    Session Attrs = {}

Handler:
             Type = com.revature.controller.FriendsController
           Method = com.revature.controller.FriendsController#getFriends(long)

Async:
    Async started = false
     Async result = null

Resolved Exception:
             Type = null

ModelAndView:
        View name = null
             View = null
            Model = null

FlashMap:
       Attributes = null

MockHttpServletResponse:
           Status = 200
    Error message = null
          Headers = [Vary:"Origin", "Access-Control-Request-Method", "Access-Control-Request-Headers", Content-Type:"application/json"]
     Content type = application/json
             Body = [{"friend_id":38,"user1":4,"user2":1},{"friend_id":39,"user1":4,"user2":2}]
    Forwarded URL = null
   Redirected URL = null
          Cookies = []
]]></system-out>
  </testcase>
  <testcase name="findRequestsTest" classname="com.revature.controller.FriendsControllerTest" time="0.192">
    <failure message="Response content&#10;Expected: &quot;[{\&quot;request_id\&quot;:3,\&quot;sender_id\&quot;:3,\&quot;receiver_id\&quot;:1},{\&quot;request_id\&quot;:4,\&quot;sender_id\&quot;:2,\&quot;receiver_id\&quot;:1}]&quot;&#10;     but: was &quot;[{\&quot;request_id\&quot;:4,\&quot;sender_id\&quot;:2,\&quot;receiver_id\&quot;:1}]&quot;" type="java.lang.AssertionError">java.lang.AssertionError: 
Response content
Expected: "[{\"request_id\":3,\"sender_id\":3,\"receiver_id\":1},{\"request_id\":4,\"sender_id\":2,\"receiver_id\":1}]"
     but: was "[{\"request_id\":4,\"sender_id\":2,\"receiver_id\":1}]"
	at com.revature.controller.FriendsControllerTest.findRequestsTest(FriendsControllerTest.java:88)
</failure>
    <system-out><![CDATA[2022-09-30 09:46:49.496  INFO 13592 --- [           main] fileLogger                               : execution(ResponseEntity com.revature.controller.FriendsController.getFriendRequests(long)) is being called

MockHttpServletRequest:
      HTTP Method = GET
      Request URI = /friends/1/requests/view
       Parameters = {}
          Headers = []
             Body = null
    Session Attrs = {}

Handler:
             Type = com.revature.controller.FriendsController
           Method = com.revature.controller.FriendsController#getFriendRequests(long)

Async:
    Async started = false
     Async result = null

Resolved Exception:
             Type = null

ModelAndView:
        View name = null
             View = null
            Model = null

FlashMap:
       Attributes = null

MockHttpServletResponse:
           Status = 200
    Error message = null
          Headers = [Vary:"Origin", "Access-Control-Request-Method", "Access-Control-Request-Headers", Content-Type:"application/json"]
     Content type = application/json
             Body = [{"request_id":4,"sender_id":2,"receiver_id":1}]
    Forwarded URL = null
   Redirected URL = null
          Cookies = []
]]></system-out>
  </testcase>
  <testcase name="addFriendRequestNotFoundTest" classname="com.revature.controller.FriendsControllerTest" time="0.135"/>
  <testcase name="addFriendRequestDuplicateTest" classname="com.revature.controller.FriendsControllerTest" time="0.266"/>
  <testcase name="findRequestsNotFoundTest" classname="com.revature.controller.FriendsControllerTest" time="0.139"/>
</testsuite>